<?xml version="1.0" encoding="UTF-8"?>
<!-- Generated by org.testng.reporters.JUnitReportReporter -->
<testsuite hostname="DESKTOP-M6MKE0J" name="com.NopEcom.TestCases.VarifyValidUser" tests="1" failures="0" timestamp="29 Mar 2022 12:58:17 GMT" time="10.337" errors="0">
  <testcase name="TestUser" time="10.337" classname="com.NopEcom.TestCases.VarifyValidUser"/>
</testsuite> <!-- com.NopEcom.TestCases.VarifyValidUser -->
