<?xml version="1.0" encoding="UTF-8"?>
<!-- Generated by org.testng.reporters.JUnitReportReporter -->
<testsuite hostname="DESKTOP-M6MKE0J" name="DXCLocators.xpathLocator" tests="1" failures="0" timestamp="11 Apr 2022 12:25:18 GMT" time="21.187" errors="0">
  <testcase name="Locaters" time="21.187" classname="DXCLocators.xpathLocator"/>
</testsuite> <!-- DXCLocators.xpathLocator -->
