<?xml version="1.0" encoding="UTF-8"?>
<!-- Generated by org.testng.reporters.JUnitReportReporter -->
<testsuite hostname="DESKTOP-M6MKE0J" name="DXCLocaters.idLocater" tests="1" failures="0" timestamp="9 Apr 2022 11:23:09 GMT" time="48.797" errors="0">
  <testcase name="Locaters" time="48.797" classname="DXCLocaters.idLocater"/>
</testsuite> <!-- DXCLocaters.idLocater -->
