<?xml version="1.0" encoding="UTF-8"?>
<!-- Generated by org.testng.reporters.JUnitReportReporter -->
<testsuite hostname="DESKTOP-M6MKE0J" name="DXCLocators.NameLocator" tests="1" failures="0" timestamp="11 Apr 2022 12:15:02 GMT" time="70.208" errors="0">
  <testcase name="Locaters" time="70.208" classname="DXCLocators.NameLocator"/>
</testsuite> <!-- DXCLocators.NameLocator -->
