<?xml version="1.0" encoding="UTF-8"?>
<!-- Generated by org.testng.reporters.JUnitReportReporter -->
<testsuite hostname="DESKTOP-M6MKE0J" name="DXCLocators.idLocater" tests="1" failures="0" timestamp="11 Apr 2022 12:13:12 GMT" time="48.723" errors="0">
  <testcase name="Locaters" time="48.723" classname="DXCLocators.idLocater"/>
</testsuite> <!-- DXCLocators.idLocater -->
