<?xml version="1.0" encoding="UTF-8"?>
<!-- Generated by org.testng.reporters.JUnitReportReporter -->
<testsuite hostname="DESKTOP-M6MKE0J" name="DXCLocaters.xpathLocater" tests="1" failures="0" timestamp="9 Apr 2022 12:06:39 GMT" time="32.558" errors="0">
  <testcase name="Locaters" time="32.558" classname="DXCLocaters.xpathLocater"/>
</testsuite> <!-- DXCLocaters.xpathLocater -->
