<?xml version="1.0" encoding="UTF-8"?>
<!-- Generated by org.testng.reporters.JUnitReportReporter -->
<testsuite hostname="DESKTOP-M6MKE0J" name="DXCLocaters.AllLocators" tests="1" failures="0" timestamp="11 Apr 2022 01:42:39 GMT" time="52.819" errors="0">
  <testcase name="Locaters" time="52.819" classname="DXCLocaters.AllLocators"/>
</testsuite> <!-- DXCLocaters.AllLocators -->
